Change Component DesignItemId : Designator=1 Old DesignItemId= New DesignItemId=¶¨Î»¿×
Change Component DesignItemId : Designator=2 Old DesignItemId= New DesignItemId=¶¨Î»¿×
Change Component DesignItemId : Designator=3 Old DesignItemId= New DesignItemId=¶¨Î»¿×
Change Component DesignItemId : Designator=4 Old DesignItemId= New DesignItemId=¶¨Î»¿×
Change Component DesignItemId : Designator=U3 Old DesignItemId=AMS1117- New DesignItemId=AMS1117-3.3
Change Component DesignItemId : Designator=K5 Old DesignItemId=andongkaig New DesignItemId=andongkaiguan
Change Component DesignItemId : Designator=K6 Old DesignItemId=andongkaig New DesignItemId=andongkaiguan
Change Component DesignItemId : Designator=K7 Old DesignItemId=andongkaig New DesignItemId=andongkaiguan
Change Component DesignItemId : Designator=K8 Old DesignItemId=andongkaig New DesignItemId=andongkaiguan
Change Component DesignItemId : Designator=D2 Old DesignItemId=B New DesignItemId=B340
Change Component DesignItemId : Designator=D3 Old DesignItemId=B New DesignItemId=B340
Change Component DesignItemId : Designator=P10 Old DesignItemId=baizu New DesignItemId=baizuozi
Change Component DesignItemId : Designator=P11 Old DesignItemId=baizu New DesignItemId=baizuozi
Change Component DesignItemId : Designator=P12 Old DesignItemId=baizu New DesignItemId=baizuozi
Change Component DesignItemId : Designator=P13 Old DesignItemId=baizu New DesignItemId=baizuozi
Change Component DesignItemId : Designator= Old DesignItemId=BAOXIAN New DesignItemId=BAOXIANZUO
Change Component DesignItemId : Designator=C3 Old DesignItemId=CAP(06 New DesignItemId=CAP(0603)
Change Component DesignItemId : Designator=C12 Old DesignItemId=CAP(06 New DesignItemId=CAP(0603)
Change Component DesignItemId : Designator=C15 Old DesignItemId=CAP(06 New DesignItemId=CAP(0603)
Change Component DesignItemId : Designator=C16 Old DesignItemId=CAP(06 New DesignItemId=CAP(0603)
Change Component DesignItemId : Designator=C2 Old DesignItemId=CAP(08 New DesignItemId=CAP(0805)
Change Component DesignItemId : Designator=C5 Old DesignItemId=CAP(08 New DesignItemId=CAP(0805)
Change Component DesignItemId : Designator=C7 Old DesignItemId=CAP(08 New DesignItemId=CAP(0805)
Change Component DesignItemId : Designator=C9 Old DesignItemId=CAP(08 New DesignItemId=CAP(0805)
Change Component DesignItemId : Designator=C11 Old DesignItemId=CAP(08 New DesignItemId=CAP(0805)
Change Component DesignItemId : Designator=C14 Old DesignItemId=CAP(08 New DesignItemId=CAP(0805)
Change Component DesignItemId : Designator=P6 Old DesignItemId=Componen New DesignItemId=Component_1
Change Component DesignItemId : Designator=P7 Old DesignItemId=Componen New DesignItemId=Component_1
Change Component DesignItemId : Designator=P8 Old DesignItemId=Componen New DesignItemId=Component_1
Change Component DesignItemId : Designator=P9 Old DesignItemId=Componen New DesignItemId=Component_1
Change Component DesignItemId : Designator=P14 Old DesignItemId=Componen New DesignItemId=Component_1
Change Component DesignItemId : Designator=P15 Old DesignItemId=Componen New DesignItemId=Component_1
Change Component DesignItemId : Designator=P16 Old DesignItemId=Componen New DesignItemId=Component_1
Change Component DesignItemId : Designator=P17 Old DesignItemId=Componen New DesignItemId=Component_1
Change Component DesignItemId : Designator=P18 Old DesignItemId=Componen New DesignItemId=Component_1
Change Component DesignItemId : Designator=P19 Old DesignItemId=Componen New DesignItemId=Component_1
Change Component DesignItemId : Designator=P20 Old DesignItemId=Componen New DesignItemId=Component_1
Change Component DesignItemId : Designator=P21 Old DesignItemId=Componen New DesignItemId=Component_1
Change Component DesignItemId : Designator=P9 Old DesignItemId=Header_2x11(2.0 New DesignItemId=Header_2x11(2.0mm)
Change Component DesignItemId : Designator=P7 Old DesignItemId=Header_2x14(2.0 New DesignItemId=Header_2x14(2.0mm)
Change Component DesignItemId : Designator=P8 Old DesignItemId=Header_2x14(2.0 New DesignItemId=Header_2x14(2.0mm)
Change Component DesignItemId : Designator=L1 Old DesignItemId=L_2 New DesignItemId=L_22uH
Change Component DesignItemId : Designator=L2 Old DesignItemId=L_2 New DesignItemId=L_22uH
Change Component DesignItemId : Designator=Blue Old DesignItemId=LED(08 New DesignItemId=LED(0805)
Change Component DesignItemId : Designator=Green Old DesignItemId=LED(08 New DesignItemId=LED(0805)
Change Component DesignItemId : Designator=Red Old DesignItemId=LED(08 New DesignItemId=LED(0805)
Change Component DesignItemId : Designator=Yellow Old DesignItemId=LED(08 New DesignItemId=LED(0805)
Change Component DesignItemId : Designator=D4 Old DesignItemId=LEDºì( New DesignItemId=LEDºì(0603)
Change Component DesignItemId : Designator=D12 Old DesignItemId=LEDºì( New DesignItemId=LEDºì(0603)
Change Component DesignItemId : Designator=D14 Old DesignItemId=LEDºì( New DesignItemId=LEDºì(0603)
Change Component DesignItemId : Designator=D16 Old DesignItemId=LEDºì( New DesignItemId=LEDºì(0603)
Change Component DesignItemId : Designator=D18 Old DesignItemId=LEDºì( New DesignItemId=LEDºì(0603)
Change Component DesignItemId : Designator=D5 Old DesignItemId=LEDÀ¶( New DesignItemId=LEDÀ¶(0603)
Change Component DesignItemId : Designator=D11 Old DesignItemId=LEDÀ¶( New DesignItemId=LEDÀ¶(0603)
Change Component DesignItemId : Designator=D13 Old DesignItemId=LEDÀ¶( New DesignItemId=LEDÀ¶(0603)
Change Component DesignItemId : Designator=D15 Old DesignItemId=LEDÀ¶( New DesignItemId=LEDÀ¶(0603)
Change Component DesignItemId : Designator=D17 Old DesignItemId=LEDÀ¶( New DesignItemId=LEDÀ¶(0603)
Change Component DesignItemId : Designator=D6 Old DesignItemId=LED»Æ( New DesignItemId=LED»Æ(0603)
Change Component DesignItemId : Designator=P5 Old DesignItemId=MOLEX1.25_4 New DesignItemId=MOLEX1.25_4Pin
Change Component DesignItemId : Designator=P3 Old DesignItemId=MX3.0mm_43025_2 New DesignItemId=MX3.0mm_43025_2Pin
Change Component DesignItemId : Designator=P4 Old DesignItemId=MX3.0mm_43025_2 New DesignItemId=MX3.0mm_43025_2Pin
Change Component DesignItemId : Designator=P1 Old DesignItemId=MX4.2mm 5569 2X New DesignItemId=MX4.2mm 5569 2X1AW
Change Component DesignItemId : Designator=P2 Old DesignItemId=MX4.2mm 5569 2X New DesignItemId=MX4.2mm 5569 2X1AW
Change Component DesignItemId : Designator=R1 Old DesignItemId=RES(06 New DesignItemId=RES(0603)
Change Component DesignItemId : Designator=R2 Old DesignItemId=RES(06 New DesignItemId=RES(0603)
Change Component DesignItemId : Designator=R3 Old DesignItemId=RES(06 New DesignItemId=RES(0603)
Change Component DesignItemId : Designator=R4 Old DesignItemId=RES(06 New DesignItemId=RES(0603)
Change Component DesignItemId : Designator=R5 Old DesignItemId=RES(06 New DesignItemId=RES(0603)
Change Component DesignItemId : Designator=R6 Old DesignItemId=RES(06 New DesignItemId=RES(0603)
Change Component DesignItemId : Designator=R7 Old DesignItemId=RES(06 New DesignItemId=RES(0603)
Change Component DesignItemId : Designator=R11 Old DesignItemId=RES(06 New DesignItemId=RES(0603)
Change Component DesignItemId : Designator=R12 Old DesignItemId=RES(06 New DesignItemId=RES(0603)
Change Component DesignItemId : Designator=R13 Old DesignItemId=RES(06 New DesignItemId=RES(0603)
Change Component DesignItemId : Designator=R14 Old DesignItemId=RES(06 New DesignItemId=RES(0603)
Change Component DesignItemId : Designator=R15 Old DesignItemId=RES(06 New DesignItemId=RES(0603)
Change Component DesignItemId : Designator=R16 Old DesignItemId=RES(06 New DesignItemId=RES(0603)
Change Component DesignItemId : Designator=R17 Old DesignItemId=RES(06 New DesignItemId=RES(0603)
Change Component DesignItemId : Designator=R18 Old DesignItemId=RES(06 New DesignItemId=RES(0603)
Change Component DesignItemId : Designator=R19 Old DesignItemId=RES(06 New DesignItemId=RES(0603)
Change Component DesignItemId : Designator=R20 Old DesignItemId=RES(06 New DesignItemId=RES(0603)
Change Component DesignItemId : Designator=R21 Old DesignItemId=RES(06 New DesignItemId=RES(0603)
Change Component DesignItemId : Designator=R22 Old DesignItemId=RES(06 New DesignItemId=RES(0603)
Change Component DesignItemId : Designator=R23 Old DesignItemId=RES(06 New DesignItemId=RES(0603)
Change Component DesignItemId : Designator=R24 Old DesignItemId=RES(06 New DesignItemId=RES(0603)
Change Component DesignItemId : Designator=C4 Old DesignItemId=TAN1 New DesignItemId=TAN106C
Change Component DesignItemId : Designator=C6 Old DesignItemId=TAN1 New DesignItemId=TAN106C
Change Component DesignItemId : Designator=C8 Old DesignItemId=TAN1 New DesignItemId=TAN106C
Change Component DesignItemId : Designator=C13 Old DesignItemId=TAN1 New DesignItemId=TAN106C
Change Component DesignItemId : Designator=C1 Old DesignItemId=TAN New DesignItemId=TAN CAP
Change Component DesignItemId : Designator=C10 Old DesignItemId=TAN New DesignItemId=TAN CAP
Change Component DesignItemId : Designator=U2 Old DesignItemId=TPS5 New DesignItemId=TPS5430
Change Component DesignItemId : Designator=U4 Old DesignItemId=TPS5 New DesignItemId=TPS5430
Change Component DesignItemId : Designator=U5 Old DesignItemId=VP New DesignItemId=VP230
Added Component: Designator=P22(PCBComponent_1)
Added Member To Class: ClassName=´«¸ÐÆ÷°å2 Member=Component P22 HEADER_6x2(2.54mm)
Added Member To Class: ClassName=´«¸ÐÆ÷°å2 Member=Component  BAOXIANZUO
Added Room: Name=´«¸ÐÆ÷°å2
