Removed Pin From Net: NetName=PC5 Pin=P14-2
Removed Pin From Net: NetName=PC3 Pin=P16-2
Removed Pin From Net: NetName=GND Pin=P16-3
Removed Pin From Net: NetName=PC4 Pin=P17-2
Removed Pin From Net: NetName=GND Pin=P17-3
Removed Pin From Net: NetName=5V Pin=P18-1
Removed Pin From Net: NetName=PC2 Pin=P18-2
Removed Pin From Net: NetName=GND Pin=P18-3
Removed Pin From Net: NetName=5V Pin=P19-1
Removed Pin From Net: NetName=PC0 Pin=P19-2
Removed Pin From Net: NetName=GND Pin=P19-3
Removed Member From Class: ClassName=传感器板2 Member=P18
Removed Member From Class: ClassName=传感器板2 Member=P19
Change Component DesignItemId : Designator=U3 Old DesignItemId= New DesignItemId=AMS1117-3.3
Change Component DesignItemId : Designator=K5 Old DesignItemId= New DesignItemId=andongkaiguan
Change Component DesignItemId : Designator=K6 Old DesignItemId= New DesignItemId=andongkaiguan
Change Component DesignItemId : Designator=K7 Old DesignItemId= New DesignItemId=andongkaiguan
Change Component DesignItemId : Designator=K8 Old DesignItemId= New DesignItemId=andongkaiguan
Change Component DesignItemId : Designator=D2 Old DesignItemId= New DesignItemId=B340
Change Component DesignItemId : Designator=D3 Old DesignItemId= New DesignItemId=B340
Change Component DesignItemId : Designator=P10 Old DesignItemId= New DesignItemId=baizuozi
Change Component DesignItemId : Designator=P11 Old DesignItemId= New DesignItemId=baizuozi
Change Component DesignItemId : Designator=P12 Old DesignItemId= New DesignItemId=baizuozi
Change Component DesignItemId : Designator=P13 Old DesignItemId= New DesignItemId=baizuozi
Change Component DesignItemId : Designator= Old DesignItemId= New DesignItemId=BAOXIANZUO
Change Component DesignItemId : Designator=C3 Old DesignItemId= New DesignItemId=CAP(0603)
Change Component DesignItemId : Designator=C12 Old DesignItemId= New DesignItemId=CAP(0603)
Change Component DesignItemId : Designator=C15 Old DesignItemId= New DesignItemId=CAP(0603)
Change Component DesignItemId : Designator=C16 Old DesignItemId= New DesignItemId=CAP(0603)
Change Component DesignItemId : Designator=C2 Old DesignItemId= New DesignItemId=CAP(0805)
Change Component DesignItemId : Designator=C5 Old DesignItemId= New DesignItemId=CAP(0805)
Change Component DesignItemId : Designator=C7 Old DesignItemId= New DesignItemId=CAP(0805)
Change Component DesignItemId : Designator=C9 Old DesignItemId= New DesignItemId=CAP(0805)
Change Component DesignItemId : Designator=C11 Old DesignItemId= New DesignItemId=CAP(0805)
Change Component DesignItemId : Designator=C14 Old DesignItemId= New DesignItemId=CAP(0805)
Change Component DesignItemId : Designator=P6 Old DesignItemId= New DesignItemId=Component_1
Change Component DesignItemId : Designator=P7 Old DesignItemId= New DesignItemId=Component_1
Change Component DesignItemId : Designator=P8 Old DesignItemId= New DesignItemId=Component_1
Change Component DesignItemId : Designator=P9 Old DesignItemId= New DesignItemId=Component_1
Change Component DesignItemId : Designator=P20 Old DesignItemId= New DesignItemId=Component_1
Change Component DesignItemId : Designator=P21 Old DesignItemId= New DesignItemId=Component_1
Change Component DesignItemId : Designator=P14 Old DesignItemId= New DesignItemId=KF2EDG_3P
Change Component DesignItemId : Designator=P15 Old DesignItemId= New DesignItemId=KF2EDG_3P
Change Component DesignItemId : Designator=P16 Old DesignItemId= New DesignItemId=KF2EDG_4P
Change Component DesignItemId : Designator=P17 Old DesignItemId= New DesignItemId=KF2EDG_4P
Change Component DesignItemId : Designator=L1 Old DesignItemId= New DesignItemId=L_22uH
Change Component DesignItemId : Designator=L2 Old DesignItemId= New DesignItemId=L_22uH
Change Component DesignItemId : Designator=Blue Old DesignItemId= New DesignItemId=LED(0805)
Change Component DesignItemId : Designator=Green Old DesignItemId= New DesignItemId=LED(0805)
Change Component DesignItemId : Designator=Red Old DesignItemId= New DesignItemId=LED(0805)
Change Component DesignItemId : Designator=Yellow Old DesignItemId= New DesignItemId=LED(0805)
Change Component DesignItemId : Designator=D4 Old DesignItemId= New DesignItemId=LED红(0603)
Change Component DesignItemId : Designator=D12 Old DesignItemId= New DesignItemId=LED红(0603)
Change Component DesignItemId : Designator=D14 Old DesignItemId= New DesignItemId=LED红(0603)
Change Component DesignItemId : Designator=D16 Old DesignItemId= New DesignItemId=LED红(0603)
Change Component DesignItemId : Designator=D18 Old DesignItemId= New DesignItemId=LED红(0603)
Change Component DesignItemId : Designator=D5 Old DesignItemId= New DesignItemId=LED蓝(0603)
Change Component DesignItemId : Designator=D11 Old DesignItemId= New DesignItemId=LED蓝(0603)
Change Component DesignItemId : Designator=D13 Old DesignItemId= New DesignItemId=LED蓝(0603)
Change Component DesignItemId : Designator=D15 Old DesignItemId= New DesignItemId=LED蓝(0603)
Change Component DesignItemId : Designator=D17 Old DesignItemId= New DesignItemId=LED蓝(0603)
Change Component DesignItemId : Designator=D6 Old DesignItemId= New DesignItemId=LED黄(0603)
Change Component DesignItemId : Designator=P5 Old DesignItemId= New DesignItemId=MOLEX1.25_4Pin
Change Component DesignItemId : Designator=R1 Old DesignItemId= New DesignItemId=RES(0603)
Change Component DesignItemId : Designator=R2 Old DesignItemId= New DesignItemId=RES(0603)
Change Component DesignItemId : Designator=R3 Old DesignItemId= New DesignItemId=RES(0603)
Change Component DesignItemId : Designator=R4 Old DesignItemId= New DesignItemId=RES(0603)
Change Component DesignItemId : Designator=R5 Old DesignItemId= New DesignItemId=RES(0603)
Change Component DesignItemId : Designator=R6 Old DesignItemId= New DesignItemId=RES(0603)
Change Component DesignItemId : Designator=R7 Old DesignItemId= New DesignItemId=RES(0603)
Change Component DesignItemId : Designator=R11 Old DesignItemId= New DesignItemId=RES(0603)
Change Component DesignItemId : Designator=R12 Old DesignItemId= New DesignItemId=RES(0603)
Change Component DesignItemId : Designator=R13 Old DesignItemId= New DesignItemId=RES(0603)
Change Component DesignItemId : Designator=R14 Old DesignItemId= New DesignItemId=RES(0603)
Change Component DesignItemId : Designator=R15 Old DesignItemId= New DesignItemId=RES(0603)
Change Component DesignItemId : Designator=R16 Old DesignItemId= New DesignItemId=RES(0603)
Change Component DesignItemId : Designator=R17 Old DesignItemId= New DesignItemId=RES(0603)
Change Component DesignItemId : Designator=R18 Old DesignItemId= New DesignItemId=RES(0603)
Change Component DesignItemId : Designator=R19 Old DesignItemId= New DesignItemId=RES(0603)
Change Component DesignItemId : Designator=R20 Old DesignItemId= New DesignItemId=RES(0603)
Change Component DesignItemId : Designator=R21 Old DesignItemId= New DesignItemId=RES(0603)
Change Component DesignItemId : Designator=R22 Old DesignItemId= New DesignItemId=RES(0603)
Change Component DesignItemId : Designator=R23 Old DesignItemId= New DesignItemId=RES(0603)
Change Component DesignItemId : Designator=R24 Old DesignItemId= New DesignItemId=RES(0603)
Change Component DesignItemId : Designator=C4 Old DesignItemId= New DesignItemId=TAN106C
Change Component DesignItemId : Designator=C6 Old DesignItemId= New DesignItemId=TAN106C
Change Component DesignItemId : Designator=C8 Old DesignItemId= New DesignItemId=TAN106C
Change Component DesignItemId : Designator=C13 Old DesignItemId= New DesignItemId=TAN106C
Change Component DesignItemId : Designator=C1 Old DesignItemId= New DesignItemId=TAN CAP
Change Component DesignItemId : Designator=C10 Old DesignItemId= New DesignItemId=TAN CAP
Change Component DesignItemId : Designator=U2 Old DesignItemId= New DesignItemId=TPS5430
Change Component DesignItemId : Designator=U4 Old DesignItemId= New DesignItemId=TPS5430
Change Component DesignItemId : Designator=U5 Old DesignItemId= New DesignItemId=VP230
Change Component DesignItemId : Designator=1 Old DesignItemId= New DesignItemId=定位孔
Change Component DesignItemId : Designator=2 Old DesignItemId= New DesignItemId=定位孔
Change Component DesignItemId : Designator=3 Old DesignItemId= New DesignItemId=定位孔
Change Component DesignItemId : Designator=4 Old DesignItemId= New DesignItemId=定位孔
Change Component DesignItemId : Designator=P9 Old DesignItemId=Hea New DesignItemId=Header_2x11(2.0mm)
Change Component DesignItemId : Designator=P7 Old DesignItemId=Hea New DesignItemId=Header_2x14(2.0mm)
Change Component DesignItemId : Designator=P8 Old DesignItemId=Hea New DesignItemId=Header_2x14(2.0mm)
Change Component DesignItemId : Designator=P3 Old DesignItemId=MX3 New DesignItemId=MX3.0mm_43025_2Pin
Change Component DesignItemId : Designator=P4 Old DesignItemId=MX3 New DesignItemId=MX3.0mm_43025_2Pin
Change Component DesignItemId : Designator=P1 Old DesignItemId=MX4 New DesignItemId=MX4.2mm 5569 2X1AW
Change Component DesignItemId : Designator=P2 Old DesignItemId=MX4 New DesignItemId=MX4.2mm 5569 2X1AW
Change Component Comment : Designator=P14 Old Comment=baizuozi_3P New Comment=KF2EDG_3P
Change Component Comment : Designator=P15 Old Comment=baizuozi_3P New Comment=KF2EDG_3P
Change Component Comment : Designator=P16 Old Comment=baizuozi_3P New Comment=KF2EDG_4P
Change Component Comment : Designator=P17 Old Comment=baizuozi_3P New Comment=KF2EDG_4P
Change Component Library : Designator=1 Old Library= New Library=interface.IntLib
Change Component Library : Designator=2 Old Library= New Library=interface.IntLib
Change Component Library : Designator=3 Old Library= New Library=interface.IntLib
Change Component Library : Designator=4 Old Library= New Library=interface.IntLib
Change Component Library : Designator=P10 Old Library=baizuozi. New Library=baizuozi.SchLib
Change Component Library : Designator=P11 Old Library=baizuozi. New Library=baizuozi.SchLib
Change Component Library : Designator=P12 Old Library=baizuozi. New Library=baizuozi.SchLib
Change Component Library : Designator=P13 Old Library=baizuozi. New Library=baizuozi.SchLib
Change Component Library : Designator=P6 Old Library=baizuozi_3P.Sch New Library=baizuozi_3P.SchLib
Change Component Library : Designator=P7 Old Library=baizuozi_3P.Sch New Library=baizuozi_3P.SchLib
Change Component Library : Designator=P8 Old Library=baizuozi_3P.Sch New Library=baizuozi_3P.SchLib
Change Component Library : Designator=P9 Old Library=baizuozi_3P.Sch New Library=baizuozi_3P.SchLib
Change Component Library : Designator=P20 Old Library=baizuozi_3P.Sch New Library=baizuozi_3P.SchLib
Change Component Library : Designator=P21 Old Library=baizuozi_3P.Sch New Library=baizuozi_3P.SchLib
Change Component Library : Designator=P14 Old Library=baizuozi_3P.Sch New Library=KF2EDG_3P.SchLib
Change Component Library : Designator=P15 Old Library=baizuozi_3P.Sch New Library=KF2EDG_3P.SchLib
Change Component Library : Designator=P16 Old Library=baizuozi_3P.Sch New Library=KF2EDG_4P.SchLib
Change Component Library : Designator=P17 Old Library=baizuozi_3P.Sch New Library=KF2EDG_4P.SchLib
Change Component Library : Designator=U5 Old Library=ch New Library=chip.IntLib
Change Component Library : Designator=U2 Old Library=chip. New Library=chip.IntLib
Change Component Library : Designator=U4 Old Library=chip. New Library=chip.IntLib
Change Component Library : Designator=U3 Old Library=chip.Int New Library=chip.IntLib
Change Component Library : Designator=C1 Old Library=comm New Library=common.IntLib
Change Component Library : Designator=C10 Old Library=comm New Library=common.IntLib
Change Component Library : Designator=D2 Old Library=comm New Library=common.IntLib
Change Component Library : Designator=D3 Old Library=comm New Library=common.IntLib
Change Component Library : Designator=L1 Old Library=comm New Library=common.IntLib
Change Component Library : Designator=L2 Old Library=comm New Library=common.IntLib
Change Component Library : Designator=D4 Old Library=commo New Library=common.IntLib
Change Component Library : Designator=D5 Old Library=commo New Library=common.IntLib
Change Component Library : Designator=D6 Old Library=commo New Library=common.IntLib
Change Component Library : Designator=D11 Old Library=commo New Library=common.IntLib
Change Component Library : Designator=D12 Old Library=commo New Library=common.IntLib
Change Component Library : Designator=D13 Old Library=commo New Library=common.IntLib
Change Component Library : Designator=D14 Old Library=commo New Library=common.IntLib
Change Component Library : Designator=D15 Old Library=commo New Library=common.IntLib
Change Component Library : Designator=D16 Old Library=commo New Library=common.IntLib
Change Component Library : Designator=D17 Old Library=commo New Library=common.IntLib
Change Component Library : Designator=D18 Old Library=commo New Library=common.IntLib
Change Component Library : Designator=Blue Old Library=common. New Library=common.IntLib
Change Component Library : Designator=C2 Old Library=common. New Library=common.IntLib
Change Component Library : Designator=C3 Old Library=common. New Library=common.IntLib
Change Component Library : Designator=C4 Old Library=common. New Library=common.IntLib
Change Component Library : Designator=C5 Old Library=common. New Library=common.IntLib
Change Component Library : Designator=C6 Old Library=common. New Library=common.IntLib
Change Component Library : Designator=C7 Old Library=common. New Library=common.IntLib
Change Component Library : Designator=C8 Old Library=common. New Library=common.IntLib
Change Component Library : Designator=C9 Old Library=common. New Library=common.IntLib
Change Component Library : Designator=C11 Old Library=common. New Library=common.IntLib
Change Component Library : Designator=C12 Old Library=common. New Library=common.IntLib
Change Component Library : Designator=C13 Old Library=common. New Library=common.IntLib
Change Component Library : Designator=C14 Old Library=common. New Library=common.IntLib
Change Component Library : Designator=C15 Old Library=common. New Library=common.IntLib
Change Component Library : Designator=C16 Old Library=common. New Library=common.IntLib
Change Component Library : Designator=Green Old Library=common. New Library=common.IntLib
Change Component Library : Designator=R1 Old Library=common. New Library=common.IntLib
Change Component Library : Designator=R2 Old Library=common. New Library=common.IntLib
Change Component Library : Designator=R3 Old Library=common. New Library=common.IntLib
Change Component Library : Designator=R4 Old Library=common. New Library=common.IntLib
Change Component Library : Designator=R5 Old Library=common. New Library=common.IntLib
Change Component Library : Designator=R6 Old Library=common. New Library=common.IntLib
Change Component Library : Designator=R7 Old Library=common. New Library=common.IntLib
Change Component Library : Designator=R11 Old Library=common. New Library=common.IntLib
Change Component Library : Designator=R12 Old Library=common. New Library=common.IntLib
Change Component Library : Designator=R13 Old Library=common. New Library=common.IntLib
Change Component Library : Designator=R14 Old Library=common. New Library=common.IntLib
Change Component Library : Designator=R15 Old Library=common. New Library=common.IntLib
Change Component Library : Designator=R16 Old Library=common. New Library=common.IntLib
Change Component Library : Designator=R17 Old Library=common. New Library=common.IntLib
Change Component Library : Designator=R18 Old Library=common. New Library=common.IntLib
Change Component Library : Designator=R19 Old Library=common. New Library=common.IntLib
Change Component Library : Designator=R20 Old Library=common. New Library=common.IntLib
Change Component Library : Designator=R21 Old Library=common. New Library=common.IntLib
Change Component Library : Designator=R22 Old Library=common. New Library=common.IntLib
Change Component Library : Designator=R23 Old Library=common. New Library=common.IntLib
Change Component Library : Designator=R24 Old Library=common. New Library=common.IntLib
Change Component Library : Designator=Red Old Library=common. New Library=common.IntLib
Change Component Library : Designator=Yellow Old Library=common. New Library=common.IntLib
Change Component Library : Designator= Old Library=common.Int New Library=common.IntLib
Added Pin To Net: NetName=PC0 Pin=P14-2
Added Pin To Net: NetName=PC2 Pin=P16-2
Added Pin To Net: NetName=PC5 Pin=P16-3
Added Pin To Net: NetName=PC3 Pin=P17-2
Added Pin To Net: NetName=PC4 Pin=P17-3
Added Member To Class: ClassName=传感器板2 Member=Component P7 baizuozi_3P
Added Member To Class: ClassName=传感器板2 Member=Component P8 Header_2x14(2.0mm)
Added Member To Class: ClassName=传感器板2 Member=Component P9 baizuozi_3P
Added Member To Class: ClassName=传感器板2 Member=Component P22 Header 7X2
Added Member To Class: ClassName=传感器板2 Member=Component P23 Header 5X2
Added Member To Class: ClassName=传感器板2 Member=Component P24 Header 6X2
Added Member To Class: ClassName=传感器板2 Member=Component P25 Header 5X2
Added Member To Class: ClassName=传感器板2 Member=Component P26 Header 5X2
Added Member To Class: ClassName=传感器板2 Member=Component  BAOXIANZUO
Added Room: Name=传感器板2
